c:\users\tuana\onedrive\masaüstü\qtwidgetsapplication1\qtwidget.25a60f35\x64\debug\videoprocessor.obj
c:\users\tuana\onedrive\masaüstü\qtwidgetsapplication1\qtwidget.25a60f35\x64\debug\timerrecorder.obj
c:\users\tuana\onedrive\masaüstü\qtwidgetsapplication1\qtwidget.25a60f35\x64\debug\cpuprocessormulti.obj
c:\users\tuana\onedrive\masaüstü\qtwidgetsapplication1\qtwidget.25a60f35\x64\debug\cpuprocessorsingle.obj
c:\users\tuana\onedrive\masaüstü\qtwidgetsapplication1\qtwidget.25a60f35\x64\debug\main.obj
c:\users\tuana\onedrive\masaüstü\qtwidgetsapplication1\qtwidget.25a60f35\x64\debug\qtwidgetsapplication1.obj
c:\users\tuana\onedrive\masaüstü\qtwidgetsapplication1\qtwidget.25a60f35\x64\debug\qt\moc\moc_qtwidgetsapplication1.cpp
c:\users\tuana\onedrive\masaüstü\qtwidgetsapplication1\qtwidget.25a60f35\x64\debug\qt\moc\moc_mainwindow.cpp
c:\users\tuana\onedrive\masaüstü\qtwidgetsapplication1\qtwidget.25a60f35\x64\debug\qt\uic\ui_qtwidgetsapplication1.h
c:\users\tuana\onedrive\masaüstü\qtwidgetsapplication1\qtwidget.25a60f35\x64\debug\qt\rcc\qrc_qtwidgetsapplication1.cpp
c:\users\tuana\onedrive\masaüstü\qtwidgetsapplication1\qtwidget.25a60f35\x64\debug\vc143.idb
c:\users\tuana\onedrive\masaüstü\qtwidgetsapplication1\qtwidget.25a60f35\x64\debug\vc143.pdb
c:\users\tuana\onedrive\masaüstü\qtwidgetsapplication1\qtwidget.25a60f35\x64\debug\qtwidget.25a60f35.tlog\cl.13328.write.1.tlog
c:\users\tuana\onedrive\masaüstü\qtwidgetsapplication1\qtwidget.25a60f35\x64\debug\qtwidget.25a60f35.tlog\cl.command.1.tlog
c:\users\tuana\onedrive\masaüstü\qtwidgetsapplication1\qtwidget.25a60f35\x64\debug\qtwidget.25a60f35.tlog\cl.read.1.tlog
c:\users\tuana\onedrive\masaüstü\qtwidgetsapplication1\qtwidget.25a60f35\x64\debug\qtwidget.25a60f35.tlog\moc.read.1u.tlog
c:\users\tuana\onedrive\masaüstü\qtwidgetsapplication1\qtwidget.25a60f35\x64\debug\qtwidget.25a60f35.tlog\moc.write.1u.tlog
c:\users\tuana\onedrive\masaüstü\qtwidgetsapplication1\qtwidget.25a60f35\x64\debug\qtwidget.25a60f35.tlog\qtwidgetsapplication1.write.1u.tlog
c:\users\tuana\onedrive\masaüstü\qtwidgetsapplication1\qtwidget.25a60f35\x64\debug\qtwidget.25a60f35.tlog\rcc.read.1u.tlog
c:\users\tuana\onedrive\masaüstü\qtwidgetsapplication1\qtwidget.25a60f35\x64\debug\qtwidget.25a60f35.tlog\rcc.write.1u.tlog
c:\users\tuana\onedrive\masaüstü\qtwidgetsapplication1\qtwidget.25a60f35\x64\debug\qtwidget.25a60f35.tlog\uic.read.1u.tlog
c:\users\tuana\onedrive\masaüstü\qtwidgetsapplication1\qtwidget.25a60f35\x64\debug\qtwidget.25a60f35.tlog\uic.write.1u.tlog
